{
  "RSpec": {
    "coverage": {
      "/Users/johnmeehan/Documents/Code/Rails/ProjectRobin/spec/controllers/admin/permissions_controller_spec.rb": [
        1,
        null,
        1,
        null
      ],
      "/Users/johnmeehan/Documents/Code/Rails/ProjectRobin/spec/rails_helper.rb": [
        null,
        1,
        1,
        1,
        1,
        1,
        1,
        null,
        null,
        null,
        null,
        null,
        null,
        null,
        null,
        null,
        null,
        null,
        null,
        null,
        null,
        null,
        5,
        null,
        null,
        null,
        1,
        null,
        1,
        null,
        1,
        null,
        null,
        null,
        null,
        1,
        null,
        null,
        null,
        null,
        null,
        null,
        null,
        null,
        null,
        null,
        null,
        null,
        null,
        null,
        1,
        null
      ],
      "/Users/johnmeehan/Documents/Code/Rails/ProjectRobin/config/environment.rb": [
        null,
        1,
        null,
        null,
        1
      ],
      "/Users/johnmeehan/Documents/Code/Rails/ProjectRobin/config/application.rb": [
        1,
        null,
        1,
        null,
        null,
        null,
        1,
        null,
        1,
        1,
        null,
        null,
        null,
        null,
        null,
        null,
        null,
        null,
        null,
        null,
        null,
        null,
        null,
        1,
        null,
        null
      ],
      "/Users/johnmeehan/Documents/Code/Rails/ProjectRobin/config/boot.rb": [
        1,
        null,
        1
      ],
      "/Users/johnmeehan/Documents/Code/Rails/ProjectRobin/config/environments/test.rb": [
        1,
        null,
        null,
        null,
        null,
        null,
        null,
        1,
        null,
        null,
        null,
        null,
        1,
        null,
        null,
        1,
        1,
        null,
        null,
        1,
        1,
        null,
        null,
        1,
        null,
        null,
        1,
        null,
        null,
        null,
        null,
        1,
        null,
        null,
        1,
        null,
        null,
        1,
        null,
        null,
        null,
        null
      ],
      "/Users/johnmeehan/Documents/Code/Rails/ProjectRobin/config/initializers/assets.rb": [
        null,
        null,
        null,
        1,
        null,
        null,
        null,
        null,
        null,
        null,
        null
      ],
      "/Users/johnmeehan/Documents/Code/Rails/ProjectRobin/config/initializers/backtrace_silencers.rb": [
        null,
        null,
        null,
        null,
        null,
        null,
        null
      ],
      "/Users/johnmeehan/Documents/Code/Rails/ProjectRobin/config/initializers/cookies_serializer.rb": [
        null,
        null,
        1
      ],
      "/Users/johnmeehan/Documents/Code/Rails/ProjectRobin/config/initializers/filter_parameter_logging.rb": [
        null,
        null,
        null,
        1
      ],
      "/Users/johnmeehan/Documents/Code/Rails/ProjectRobin/config/initializers/inflections.rb": [
        null,
        null,
        null,
        null,
        null,
        null,
        null,
        null,
        null,
        null,
        null,
        null,
        null,
        null,
        null,
        null
      ],
      "/Users/johnmeehan/Documents/Code/Rails/ProjectRobin/config/initializers/mime_types.rb": [
        null,
        null,
        null,
        null
      ],
      "/Users/johnmeehan/Documents/Code/Rails/ProjectRobin/config/initializers/session_store.rb": [
        null,
        null,
        1
      ],
      "/Users/johnmeehan/Documents/Code/Rails/ProjectRobin/config/initializers/wrap_parameters.rb": [
        null,
        null,
        null,
        null,
        null,
        null,
        1,
        1,
        null,
        null,
        null,
        null,
        null,
        null
      ],
      "/Users/johnmeehan/Documents/Code/Rails/ProjectRobin/spec/factories/project_factory.rb": [
        null,
        null,
        null,
        null,
        null,
        null,
        null,
        null,
        null,
        null,
        null,
        null,
        1,
        1,
        1,
        1,
        null,
        null
      ],
      "/Users/johnmeehan/Documents/Code/Rails/ProjectRobin/spec/factories/state_factory.rb": [
        null,
        null,
        null,
        null,
        null,
        null,
        null,
        null,
        null,
        null,
        null,
        null,
        null,
        1,
        1,
        1,
        null,
        null
      ],
      "/Users/johnmeehan/Documents/Code/Rails/ProjectRobin/spec/factories/ticket_factory.rb": [
        null,
        null,
        null,
        null,
        null,
        null,
        null,
        null,
        null,
        null,
        null,
        null,
        null,
        null,
        1,
        1,
        1,
        1,
        null,
        null
      ],
      "/Users/johnmeehan/Documents/Code/Rails/ProjectRobin/spec/factories/user_factory.rb": [
        null,
        null,
        null,
        null,
        null,
        null,
        null,
        null,
        null,
        null,
        null,
        null,
        null,
        1,
        98,
        1,
        1,
        98,
        1,
        1,
        null,
        1,
        1,
        null,
        null,
        null
      ],
      "/Users/johnmeehan/Documents/Code/Rails/ProjectRobin/config/routes.rb": [
        1,
        1,
        1,
        null,
        1,
        1,
        1,
        1,
        1,
        null,
        1,
        1,
        1,
        null,
        null,
        null,
        1,
        null,
        null,
        null,
        1,
        1,
        1,
        null,
        null,
        1,
        1,
        null,
        null,
        1,
        1,
        1,
        null,
        null,
        null,
        null,
        null,
        null,
        null,
        null,
        null,
        null,
        null,
        null,
        null,
        null,
        null,
        null,
        null,
        null,
        null,
        null,
        null,
        null,
        null,
        null,
        null,
        null,
        null,
        null,
        null,
        null,
        null,
        null,
        null,
        null,
        null,
        null,
        null,
        null,
        null,
        null,
        null,
        null,
        null,
        null,
        null,
        null,
        null,
        null,
        null,
        null,
        null,
        null,
        null,
        null,
        null
      ],
      "/Users/johnmeehan/Documents/Code/Rails/ProjectRobin/app/helpers/admin/permissions_helper.rb": [
        1,
        null,
        1,
        null,
        null,
        null,
        null,
        null,
        null,
        20,
        null,
        null
      ],
      "/Users/johnmeehan/Documents/Code/Rails/ProjectRobin/app/helpers/admin/states_helper.rb": [
        1,
        null
      ],
      "/Users/johnmeehan/Documents/Code/Rails/ProjectRobin/app/helpers/admin/users_helper.rb": [
        1,
        null
      ],
      "/Users/johnmeehan/Documents/Code/Rails/ProjectRobin/app/helpers/application_helper.rb": [
        1,
        1,
        51,
        51,
        51,
        null,
        null,
        null,
        null,
        1,
        354,
        null,
        null,
        1,
        117,
        null,
        null,
        1,
        103,
        null,
        null,
        1,
        363,
        103,
        103,
        103,
        103,
        null,
        103,
        null,
        null,
        null,
        null,
        null,
        1,
        10,
        null,
        null
      ],
      "/Users/johnmeehan/Documents/Code/Rails/ProjectRobin/app/helpers/comments_helper.rb": [
        1,
        null
      ],
      "/Users/johnmeehan/Documents/Code/Rails/ProjectRobin/app/helpers/files_helper.rb": [
        1,
        null
      ],
      "/Users/johnmeehan/Documents/Code/Rails/ProjectRobin/app/helpers/pages_helper.rb": [
        1,
        null
      ],
      "/Users/johnmeehan/Documents/Code/Rails/ProjectRobin/app/helpers/projects_helper.rb": [
        1,
        null
      ],
      "/Users/johnmeehan/Documents/Code/Rails/ProjectRobin/app/helpers/sessions_helper.rb": [
        1,
        null
      ],
      "/Users/johnmeehan/Documents/Code/Rails/ProjectRobin/app/helpers/tickets_helper.rb": [
        1,
        1,
        3,
        3,
        2,
        2,
        0,
        null,
        2,
        null,
        null,
        null,
        null,
        null
      ],
      "/Users/johnmeehan/Documents/Code/Rails/ProjectRobin/app/helpers/users_helper.rb": [
        1,
        null
      ],
      "/Users/johnmeehan/Documents/Code/Rails/ProjectRobin/spec/support/authentication_helpers.rb": [
        null,
        1,
        1,
        55,
        55,
        55,
        55,
        55,
        55,
        null,
        null,
        null,
        null,
        1,
        1,
        22,
        null,
        null,
        null,
        1,
        1,
        null,
        1,
        null
      ],
      "/Users/johnmeehan/Documents/Code/Rails/ProjectRobin/spec/support/authorization_helpers.rb": [
        null,
        1,
        1,
        39,
        null,
        null,
        1,
        10,
        null,
        null,
        null,
        1,
        1,
        null
      ],
      "/Users/johnmeehan/Documents/Code/Rails/ProjectRobin/spec/support/capybara_helpers.rb": [
        1,
        1,
        9,
        null,
        null,
        null,
        1,
        9,
        null,
        null,
        null,
        1,
        1,
        1,
        null,
        null,
        null,
        1,
        1,
        null
      ],
      "/Users/johnmeehan/Documents/Code/Rails/ProjectRobin/spec/support/database_cleaner.rb": [
        1,
        1,
        1,
        null,
        null,
        1,
        92,
        null,
        null,
        1,
        0,
        null,
        null,
        1,
        92,
        null,
        null,
        1,
        92,
        null,
        null
      ],
      "/Users/johnmeehan/Documents/Code/Rails/ProjectRobin/app/controllers/admin/permissions_controller.rb": [
        1,
        1,
        null,
        1,
        10,
        10,
        null,
        null,
        1,
        5,
        5,
        5,
        5,
        10,
        null,
        null,
        5,
        5,
        null,
        null,
        1,
        null,
        1,
        15,
        null,
        null
      ],
      "/Users/johnmeehan/Documents/Code/Rails/ProjectRobin/app/controllers/admin/base_controller.rb": [
        1,
        1,
        1,
        1,
        null,
        null
      ],
      "/Users/johnmeehan/Documents/Code/Rails/ProjectRobin/app/controllers/application_controller.rb": [
        1,
        null,
        null,
        1,
        null,
        1,
        null,
        1,
        80,
        80,
        5,
        5,
        null,
        null,
        null,
        1,
        266,
        3,
        3,
        null,
        null,
        1,
        null,
        1,
        1746,
        null,
        1,
        null
      ],
      "/Users/johnmeehan/Documents/Code/Rails/ProjectRobin/spec/controllers/admin/states_controller_spec.rb": [
        1,
        null,
        1,
        null
      ],
      "/Users/johnmeehan/Documents/Code/Rails/ProjectRobin/app/controllers/admin/states_controller.rb": [
        1,
        1,
        1,
        8,
        null,
        null,
        1,
        2,
        null,
        null,
        1,
        1,
        null,
        null,
        1,
        2,
        2,
        2,
        2,
        null,
        0,
        0,
        null,
        null,
        null,
        1,
        null,
        1,
        1,
        1,
        1,
        null,
        0,
        0,
        null,
        null,
        null,
        1,
        1,
        1,
        1,
        1,
        null,
        null,
        1,
        null,
        1,
        3,
        null,
        null,
        1,
        3,
        null,
        null,
        1,
        4,
        null,
        null,
        1,
        8,
        null,
        null
      ],
      "/Users/johnmeehan/Documents/Code/Rails/ProjectRobin/spec/controllers/admin/users_controller_spec.rb": [
        1,
        null,
        1,
        2,
        1,
        2,
        1,
        1,
        1,
        1,
        null,
        null,
        null
      ],
      "/Users/johnmeehan/Documents/Code/Rails/ProjectRobin/app/controllers/admin/users_controller.rb": [
        1,
        1,
        1,
        null,
        1,
        17,
        null,
        null,
        1,
        2,
        null,
        null,
        1,
        2,
        2,
        2,
        2,
        null,
        0,
        0,
        null,
        null,
        null,
        1,
        null,
        null,
        1,
        null,
        null,
        1,
        2,
        2,
        2,
        2,
        null,
        0,
        0,
        null,
        null,
        null,
        1,
        2,
        1,
        null,
        1,
        1,
        null,
        2,
        null,
        null,
        1,
        null,
        1,
        4,
        null,
        null,
        null,
        null,
        null,
        null,
        1,
        15,
        null,
        null,
        1,
        17,
        null,
        null,
        1,
        2,
        2,
        2,
        null,
        null,
        1,
        4,
        null,
        null,
        1,
        2,
        2,
        null,
        null
      ],
      "/Users/johnmeehan/Documents/Code/Rails/ProjectRobin/spec/controllers/comments_controller_spec.rb": [
        1,
        null,
        1,
        4,
        2,
        2,
        4,
        1,
        3,
        null,
        4,
        null,
        1,
        1,
        1,
        null,
        null,
        1,
        1,
        null,
        1,
        1,
        null,
        null,
        null,
        1,
        1,
        1,
        1,
        1,
        null,
        null,
        null,
        1,
        null,
        1,
        1,
        null,
        1,
        null,
        1,
        null,
        null,
        1,
        1,
        1,
        null,
        1,
        1,
        null,
        1,
        null,
        1,
        null,
        null,
        null
      ],
      "/Users/johnmeehan/Documents/Code/Rails/ProjectRobin/app/controllers/comments_controller.rb": [
        1,
        1,
        1,
        null,
        1,
        7,
        7,
        7,
        6,
        6,
        null,
        1,
        1,
        1,
        null,
        null,
        null,
        1,
        null,
        1,
        7,
        4,
        null,
        3,
        null,
        null,
        null,
        1,
        7,
        null,
        null,
        1,
        4,
        null,
        null
      ],
      "/Users/johnmeehan/Documents/Code/Rails/ProjectRobin/spec/controllers/files_controller_spec.rb": [
        1,
        null,
        1,
        3,
        2,
        3,
        3,
        3,
        1,
        2,
        null,
        null,
        1,
        2,
        null,
        null,
        1,
        1,
        1,
        null,
        null,
        1,
        1,
        1,
        null,
        null,
        null,
        1,
        1,
        1,
        null,
        null,
        1,
        1,
        1,
        1,
        null,
        null,
        null
      ],
      "/Users/johnmeehan/Documents/Code/Rails/ProjectRobin/app/controllers/files_controller.rb": [
        1,
        1,
        null,
        1,
        0,
        0,
        0,
        null,
        null,
        1,
        2,
        2,
        1,
        null,
        1,
        1,
        null,
        null,
        null,
        1,
        null,
        1,
        0,
        null,
        null,
        1,
        2,
        null,
        null
      ],
      "/Users/johnmeehan/Documents/Code/Rails/ProjectRobin/spec/controllers/pages_controller_spec.rb": [
        1,
        null,
        1,
        1,
        1,
        1,
        1,
        null,
        null,
        null
      ],
      "/Users/johnmeehan/Documents/Code/Rails/ProjectRobin/app/controllers/pages_controller.rb": [
        1,
        1,
        null,
        null
      ],
      "/Users/johnmeehan/Documents/Code/Rails/ProjectRobin/spec/controllers/projects_controller_spec.rb": [
        1,
        null,
        1,
        7,
        1,
        6,
        null,
        null,
        1,
        1,
        1,
        1,
        1,
        null,
        null,
        1,
        null,
        null,
        null,
        1,
        4,
        4,
        4,
        4,
        4,
        null,
        null,
        null,
        null,
        1,
        1,
        1,
        null,
        1,
        1,
        null,
        null
      ],
      "/Users/johnmeehan/Documents/Code/Rails/ProjectRobin/app/controllers/projects_controller.rb": [
        1,
        1,
        1,
        1,
        null,
        1,
        82,
        null,
        null,
        1,
        2,
        null,
        null,
        1,
        2,
        2,
        1,
        1,
        null,
        1,
        1,
        null,
        null,
        null,
        1,
        null,
        null,
        1,
        null,
        null,
        1,
        2,
        1,
        1,
        null,
        1,
        1,
        null,
        null,
        null,
        1,
        1,
        1,
        1,
        null,
        null,
        1,
        null,
        1,
        4,
        null,
        null,
        1,
        82,
        null,
        null,
        1,
        2,
        null,
        null,
        null,
        1,
        45,
        16,
        null,
        29,
        null,
        null,
        4,
        4,
        null,
        null
      ],
      "/Users/johnmeehan/Documents/Code/Rails/ProjectRobin/spec/controllers/sessions_controller_spec.rb": [
        1,
        null,
        1,
        null
      ],
      "/Users/johnmeehan/Documents/Code/Rails/ProjectRobin/app/controllers/sessions_controller.rb": [
        1,
        1,
        null,
        null,
        1,
        56,
        null,
        56,
        56,
        56,
        56,
        null,
        0,
        0,
        null,
        null,
        null,
        1,
        null,
        5,
        5,
        null,
        5,
        null,
        null
      ],
      "/Users/johnmeehan/Documents/Code/Rails/ProjectRobin/spec/controllers/tickets_controller_spec.rb": [
        1,
        null,
        1,
        7,
        7,
        5,
        null,
        1,
        1,
        1,
        1,
        null,
        1,
        1,
        null,
        null,
        null,
        1,
        1,
        5,
        5,
        null,
        null,
        1,
        2,
        2,
        2,
        null,
        null,
        1,
        2,
        2,
        null,
        1,
        1,
        1,
        null,
        null,
        1,
        1,
        1,
        null,
        null,
        1,
        1,
        1,
        null,
        null,
        1,
        1,
        1,
        null,
        null,
        1,
        1,
        1,
        1,
        1,
        null,
        null,
        null
      ],
      "/Users/johnmeehan/Documents/Code/Rails/ProjectRobin/app/controllers/tickets_controller.rb": [
        1,
        1,
        1,
        1,
        1,
        1,
        1,
        null,
        1,
        6,
        6,
        null,
        null,
        1,
        6,
        6,
        6,
        6,
        4,
        4,
        null,
        2,
        2,
        null,
        null,
        null,
        1,
        26,
        26,
        null,
        null,
        1,
        null,
        null,
        1,
        3,
        2,
        2,
        null,
        1,
        1,
        null,
        null,
        null,
        1,
        2,
        2,
        2,
        null,
        null,
        1,
        null,
        1,
        9,
        null,
        null,
        1,
        null,
        26,
        null,
        null,
        1,
        null,
        6,
        null,
        null,
        1,
        null,
        52,
        null,
        1,
        1,
        null,
        null,
        1,
        37,
        null,
        null,
        1,
        14,
        2,
        2,
        null,
        null,
        null,
        1,
        8,
        2,
        2,
        null,
        null,
        null,
        1,
        3,
        1,
        1,
        null,
        null,
        null
      ],
      "/Users/johnmeehan/Documents/Code/Rails/ProjectRobin/spec/features/admin/admin_assigning_permissions_spec.rb": [
        1,
        null,
        1,
        1,
        6,
        6,
        6,
        6,
        6,
        1,
        null,
        5,
        5,
        5,
        5,
        5,
        null,
        5,
        null,
        null,
        1,
        1,
        1,
        1,
        1,
        1,
        null,
        null,
        1,
        1,
        1,
        1,
        1,
        null,
        1,
        1,
        1,
        1,
        1,
        1,
        null,
        1,
        null,
        null,
        1,
        1,
        1,
        1,
        1,
        null,
        1,
        1,
        1,
        1,
        1,
        1,
        null,
        1,
        null,
        null,
        1,
        1,
        1,
        1,
        1,
        null,
        1,
        1,
        1,
        1,
        null,
        1,
        null,
        null,
        1,
        1,
        1,
        1,
        null,
        1,
        1,
        null,
        1,
        1,
        1,
        1,
        1,
        1,
        null,
        1,
        1,
        1,
        1,
        null,
        null,
        null,
        null
      ],
      "/Users/johnmeehan/Documents/Code/Rails/ProjectRobin/spec/features/admin/admin_deleting_users_spec.rb": [
        1,
        null,
        1,
        3,
        3,
        null,
        1,
        2,
        2,
        2,
        2,
        null,
        null,
        1,
        1,
        1,
        null,
        1,
        null,
        null,
        1,
        1,
        1,
        null,
        1,
        null,
        null
      ],
      "/Users/johnmeehan/Documents/Code/Rails/ProjectRobin/spec/features/admin/admin_editing_users_spec.rb": [
        1,
        null,
        1,
        3,
        3,
        null,
        1,
        2,
        2,
        2,
        2,
        2,
        2,
        null,
        null,
        1,
        1,
        1,
        null,
        1,
        null,
        1,
        1,
        1,
        null,
        null,
        null,
        1,
        1,
        1,
        null,
        1,
        1,
        1,
        null,
        null,
        null
      ],
      "/Users/johnmeehan/Documents/Code/Rails/ProjectRobin/spec/features/admin/admin_managing_states_spec.rb": [
        1,
        null,
        1,
        1,
        1,
        1,
        null,
        null,
        1,
        1,
        1,
        1,
        null,
        1,
        null,
        1,
        null,
        null,
        1,
        null,
        null
      ],
      "/Users/johnmeehan/Documents/Code/Rails/ProjectRobin/spec/features/admin/creating_states_spec.rb": [
        1,
        null,
        1,
        1,
        3,
        null,
        null,
        1,
        1,
        1,
        1,
        1,
        1,
        1,
        null,
        null,
        1,
        1,
        1,
        1,
        1,
        1,
        1,
        1,
        null,
        1,
        1,
        null,
        null,
        1,
        1,
        null,
        1,
        1,
        1,
        1,
        null,
        1,
        1,
        1,
        1,
        null,
        1,
        1,
        null,
        null
      ],
      "/Users/johnmeehan/Documents/Code/Rails/ProjectRobin/spec/features/admin/creating_users_spec.rb": [
        1,
        null,
        1,
        3,
        null,
        1,
        2,
        2,
        2,
        2,
        2,
        null,
        null,
        1,
        1,
        1,
        1,
        1,
        null,
        null,
        1,
        1,
        1,
        1,
        1,
        1,
        1,
        1,
        null,
        null,
        null
      ],
      "/Users/johnmeehan/Documents/Code/Rails/ProjectRobin/spec/features/creating_comments_spec.rb": [
        1,
        null,
        1,
        5,
        5,
        5,
        1,
        4,
        4,
        null,
        4,
        4,
        4,
        null,
        null,
        1,
        1,
        1,
        1,
        1,
        1,
        1,
        1,
        null,
        null,
        1,
        1,
        1,
        1,
        1,
        null,
        null,
        null,
        1,
        1,
        1,
        1,
        1,
        1,
        1,
        1,
        1,
        null,
        1,
        1,
        null,
        null,
        null,
        1,
        1,
        2,
        null,
        null
      ],
      "/Users/johnmeehan/Documents/Code/Rails/ProjectRobin/spec/features/creating_projects_spec.rb": [
        1,
        null,
        1,
        1,
        1,
        2,
        2,
        2,
        null,
        null,
        1,
        1,
        1,
        1,
        null,
        1,
        null,
        1,
        1,
        1,
        1,
        null,
        null,
        1,
        1,
        null,
        1,
        1,
        null,
        null,
        null,
        null,
        null,
        null,
        null,
        null,
        null
      ],
      "/Users/johnmeehan/Documents/Code/Rails/ProjectRobin/spec/features/creating_tickets_spec.rb": [
        null,
        1,
        null,
        1,
        1,
        4,
        4,
        4,
        null,
        4,
        4,
        4,
        4,
        4,
        4,
        4,
        null,
        null,
        1,
        1,
        1,
        1,
        1,
        1,
        1,
        null,
        1,
        1,
        null,
        null,
        null,
        1,
        1,
        1,
        1,
        1,
        null,
        null,
        1,
        1,
        1,
        1,
        null,
        1,
        1,
        null,
        null,
        1,
        null,
        1,
        1,
        null,
        1,
        null,
        null,
        1,
        null,
        1,
        null,
        null,
        1,
        1,
        null,
        null,
        null,
        null
      ],
      "/Users/johnmeehan/Documents/Code/Rails/ProjectRobin/spec/features/deleting_projects_spec.rb": [
        1,
        null,
        1,
        1,
        1,
        1,
        null,
        1,
        1,
        null,
        1,
        1,
        1,
        1,
        1,
        1,
        null,
        null
      ],
      "/Users/johnmeehan/Documents/Code/Rails/ProjectRobin/spec/features/deleting_tickets_spec.rb": [
        1,
        null,
        1,
        2,
        2,
        2,
        null,
        1,
        1,
        1,
        1,
        1,
        1,
        1,
        null,
        null,
        1,
        1,
        1,
        1,
        null,
        null
      ],
      "/Users/johnmeehan/Documents/Code/Rails/ProjectRobin/spec/features/editing_projects_spec.rb": [
        1,
        null,
        1,
        1,
        2,
        2,
        2,
        2,
        2,
        2,
        null,
        null,
        1,
        1,
        1,
        1,
        null,
        null,
        1,
        1,
        1,
        1,
        null,
        null
      ],
      "/Users/johnmeehan/Documents/Code/Rails/ProjectRobin/spec/features/editing_tickets_spec.rb": [
        1,
        null,
        1,
        3,
        3,
        1,
        2,
        2,
        2,
        null,
        null,
        1,
        2,
        2,
        2,
        2,
        2,
        2,
        2,
        null,
        null,
        1,
        1,
        1,
        null,
        1,
        null,
        1,
        1,
        null,
        1,
        null,
        null,
        1,
        1,
        1,
        1,
        null,
        null
      ],
      "/Users/johnmeehan/Documents/Code/Rails/ProjectRobin/spec/features/hidden_links_spec.rb": [
        1,
        null,
        1,
        null,
        12,
        17,
        16,
        7,
        null,
        1,
        1,
        1,
        1,
        null,
        null,
        1,
        1,
        1,
        null,
        null,
        1,
        1,
        1,
        null,
        null,
        null,
        1,
        10,
        1,
        1,
        1,
        null,
        null,
        1,
        1,
        1,
        null,
        null,
        1,
        1,
        1,
        null,
        null,
        1,
        1,
        1,
        1,
        1,
        null,
        null,
        1,
        1,
        1,
        1,
        null,
        null,
        1,
        1,
        1,
        1,
        1,
        1,
        1,
        null,
        null,
        1,
        1,
        1,
        1,
        1,
        1,
        null,
        null,
        1,
        1,
        1,
        1,
        1,
        1,
        1,
        null,
        null,
        1,
        1,
        1,
        1,
        1,
        1,
        null,
        null,
        null,
        1,
        7,
        1,
        1,
        1,
        null,
        null,
        1,
        1,
        1,
        null,
        null,
        1,
        1,
        1,
        null,
        null,
        1,
        1,
        1,
        null,
        null,
        1,
        1,
        1,
        1,
        1,
        null,
        1,
        1,
        1,
        1,
        1,
        null,
        null,
        null
      ],
      "/Users/johnmeehan/Documents/Code/Rails/ProjectRobin/spec/features/landing_pages_spec.rb": [
        1,
        null,
        1,
        1,
        1,
        1,
        1,
        null,
        null
      ],
      "/Users/johnmeehan/Documents/Code/Rails/ProjectRobin/spec/features/seeds_spec.rb": [
        1,
        null,
        1,
        null,
        2,
        2,
        1,
        1,
        null,
        null,
        1,
        null,
        1,
        1,
        1,
        1,
        1,
        null,
        1,
        1,
        1,
        1,
        null,
        null,
        null
      ],
      "/Users/johnmeehan/Documents/Code/Rails/ProjectRobin/spec/features/sign_in_spec.rb": [
        1,
        null,
        1,
        1,
        1,
        1,
        1,
        1,
        1,
        1,
        null,
        1,
        null,
        null
      ],
      "/Users/johnmeehan/Documents/Code/Rails/ProjectRobin/spec/features/signing_ups_spec.rb": [
        1,
        null,
        1,
        1,
        1,
        1,
        1,
        1,
        1,
        1,
        null,
        1,
        1,
        null,
        null
      ],
      "/Users/johnmeehan/Documents/Code/Rails/ProjectRobin/spec/features/user_profiles_spec.rb": [
        1,
        null,
        1,
        1,
        1,
        1,
        1,
        1,
        null,
        null,
        null,
        1,
        1,
        1,
        null,
        1,
        1,
        null,
        1,
        1,
        null,
        1,
        null,
        null
      ],
      "/Users/johnmeehan/Documents/Code/Rails/ProjectRobin/spec/features/viewing_project_spec.rb": [
        1,
        null,
        1,
        3,
        3,
        3,
        3,
        3,
        1,
        1,
        1,
        1,
        null,
        null,
        1,
        1,
        1,
        1,
        1,
        1,
        null,
        null,
        null,
        1,
        1,
        1,
        null,
        1,
        1,
        1,
        1,
        null,
        null,
        null
      ],
      "/Users/johnmeehan/Documents/Code/Rails/ProjectRobin/spec/features/viewing_tickets_spec.rb": [
        1,
        null,
        1,
        1,
        1,
        1,
        1,
        1,
        1,
        1,
        1,
        1,
        1,
        null,
        null,
        1,
        1,
        1,
        1,
        null,
        1,
        1,
        1,
        null,
        1,
        null,
        null
      ],
      "/Users/johnmeehan/Documents/Code/Rails/ProjectRobin/spec/models/project_spec.rb": [
        1,
        null,
        1,
        2,
        2,
        2,
        null
      ],
      "/Users/johnmeehan/Documents/Code/Rails/ProjectRobin/app/models/project.rb": [
        null,
        null,
        null,
        null,
        null,
        null,
        null,
        null,
        null,
        null,
        null,
        null,
        1,
        1,
        1,
        1,
        1,
        null,
        1,
        120,
        null,
        null,
        1,
        null,
        134,
        null,
        null,
        null,
        null
      ],
      "/Users/johnmeehan/Documents/Code/Rails/ProjectRobin/spec/models/state_spec.rb": [
        1,
        null,
        1,
        2,
        2,
        2,
        null
      ],
      "/Users/johnmeehan/Documents/Code/Rails/ProjectRobin/app/models/state.rb": [
        null,
        null,
        null,
        null,
        null,
        null,
        null,
        null,
        null,
        null,
        null,
        null,
        null,
        1,
        null,
        1,
        1,
        1,
        null,
        1,
        18,
        null,
        null,
        1,
        null,
        null,
        null,
        null,
        null,
        null,
        null,
        null,
        null,
        null,
        null,
        null,
        null,
        null,
        1,
        1,
        null,
        null
      ],
      "/Users/johnmeehan/Documents/Code/Rails/ProjectRobin/spec/models/user_spec.rb": [
        null,
        null,
        null,
        null,
        null,
        null,
        null,
        null,
        null,
        null,
        null,
        null,
        null,
        1,
        null,
        1,
        1,
        2,
        2,
        2,
        null,
        1,
        1,
        null,
        null,
        null,
        1,
        1,
        1,
        1,
        1,
        null,
        null,
        1,
        1,
        1,
        1,
        1,
        null,
        1,
        1,
        1,
        1,
        null,
        1,
        1,
        1,
        null,
        null,
        1,
        1,
        1,
        null,
        null,
        null,
        1,
        3,
        null,
        1,
        1,
        null,
        1,
        1,
        null,
        null,
        null
      ],
      "/Users/johnmeehan/Documents/Code/Rails/ProjectRobin/app/models/user.rb": [
        null,
        null,
        null,
        null,
        null,
        null,
        null,
        null,
        null,
        null,
        null,
        null,
        null,
        1,
        110,
        1,
        1,
        null,
        1,
        1,
        null,
        1,
        null,
        1,
        34,
        null,
        null
      ],
      "/Users/johnmeehan/Documents/Code/Rails/ProjectRobin/app/models/ticket.rb": [
        null,
        null,
        null,
        null,
        null,
        null,
        null,
        null,
        null,
        null,
        null,
        null,
        null,
        null,
        1,
        1,
        1,
        1,
        1,
        1,
        null,
        1,
        1,
        null,
        1,
        null
      ],
      "/Users/johnmeehan/Documents/Code/Rails/ProjectRobin/app/models/comment.rb": [
        null,
        null,
        null,
        null,
        null,
        null,
        null,
        null,
        null,
        null,
        null,
        null,
        null,
        null,
        1,
        1,
        1,
        1,
        1,
        null,
        1,
        null,
        1,
        1,
        null,
        1,
        null,
        1,
        null,
        1,
        6,
        null,
        null,
        1,
        6,
        6,
        null,
        null
      ],
      "/Users/johnmeehan/Documents/Code/Rails/ProjectRobin/app/models/ability.rb": [
        1,
        1,
        null,
        1,
        103,
        147,
        null,
        null,
        62,
        null,
        null,
        null,
        null,
        null
      ],
      "/Users/johnmeehan/Documents/Code/Rails/ProjectRobin/app/models/permission.rb": [
        null,
        null,
        null,
        null,
        null,
        null,
        null,
        null,
        null,
        null,
        null,
        null,
        null,
        1,
        1,
        1,
        null
      ],
      "/Users/johnmeehan/Documents/Code/Rails/ProjectRobin/app/models/asset.rb": [
        null,
        null,
        null,
        null,
        null,
        null,
        null,
        null,
        null,
        null,
        null,
        null,
        1,
        1,
        null,
        1,
        null,
        1,
        null,
        1,
        null,
        1,
        3,
        3,
        null,
        null,
        null
      ],
      "/Users/johnmeehan/Documents/Code/Rails/ProjectRobin/app/uploaders/asset_uploader.rb": [
        null,
        null,
        1,
        null,
        null,
        null,
        null,
        null,
        1,
        null,
        null,
        null,
        null,
        1,
        5,
        null,
        null,
        null,
        null,
        null,
        null,
        null,
        null,
        null,
        null,
        null,
        null,
        null,
        null,
        null,
        null,
        null,
        null,
        null,
        null,
        null,
        null,
        null,
        null,
        null,
        null,
        null,
        null,
        null,
        null,
        null,
        null,
        null,
        null
      ],
      "/Users/johnmeehan/Documents/Code/Rails/ProjectRobin/db/seeds.rb": [
        null,
        null,
        null,
        null,
        null,
        null,
        null,
        null,
        1,
        null,
        null,
        null,
        null,
        1,
        null,
        1,
        1,
        1
      ],
      "/Users/johnmeehan/Documents/Code/Rails/ProjectRobin/app/controllers/users_controller.rb": [
        1,
        1,
        1,
        null,
        null,
        1,
        1,
        1,
        1,
        1,
        1,
        1,
        null,
        0,
        null,
        null,
        null,
        1,
        3,
        null,
        null,
        1,
        1,
        null,
        null,
        1,
        1,
        1,
        1,
        1,
        null,
        0,
        0,
        null,
        null,
        null,
        1,
        null,
        1,
        2,
        null,
        null,
        1,
        2,
        null,
        null,
        1,
        5,
        null,
        null
      ]
    },
    "timestamp": 1433158797
  }
}
